#
# There is insufficient memory for the Java Runtime Environment to continue.
# Native memory allocation (mmap) failed to map 130023424 bytes for G1 virtual space
# Possible reasons:
#   The system is out of physical RAM or swap space
#   The process is running with CompressedOops enabled, and the Java Heap may be blocking the growth of the native heap
# Possible solutions:
#   Reduce memory load on the system
#   Increase physical memory or swap space
#   Check if swap backing store is full
#   Decrease Java heap size (-Xmx/-Xms)
#   Decrease number of Java threads
#   Decrease Java thread stack sizes (-Xss)
#   Set larger code cache with -XX:ReservedCodeCacheSize=
#   JVM is running with Unscaled Compressed Oops mode in which the Java heap is
#     placed in the first 4GB address space. The Java Heap base address is the
#     maximum limit for the native heap growth. Please use -XX:HeapBaseMinAddress
#     to set the Java Heap base and to place the Java Heap above 4GB virtual address.
# This output file may be truncated or incomplete.
#
#  Out of Memory Error (os_windows.cpp:3600), pid=18008, tid=21660
#
# JRE version:  (21.0.2+13) (build )
# Java VM: Java HotSpot(TM) 64-Bit Server VM (21.0.2+13-LTS-58, mixed mode, sharing, tiered, compressed oops, compressed class ptrs, g1 gc, windows-amd64)
# No core dump will be written. Minidumps are not enabled by default on client versions of Windows
#

---------------  S U M M A R Y ------------

Command Line: -Dfile.encoding=UTF-8 --module-path=C:\Users\Swast\OneDrive\Documents\NetBeansProjects\University Management System\build\classes university.management.system.AddStudent

Host: 11th Gen Intel(R) Core(TM) i3-1115G4 @ 3.00GHz, 4 cores, 7G,  Windows 11 , 64 bit Build 22621 (10.0.22621.3672)
Time: Sun Jul  7 17:04:15 2024 India Standard Time elapsed time: 0.009440 seconds (0d 0h 0m 0s)

---------------  T H R E A D  ---------------

Current thread (0x0000022b6f39bbf0):  JavaThread "Unknown thread" [_thread_in_vm, id=21660, stack(0x000000f522200000,0x000000f522300000) (1024K)]

Stack: [0x000000f522200000,0x000000f522300000]
Native frames: (J=compiled Java code, j=interpreted, Vv=VM code, C=native code)
V  [jvm.dll+0x6cade9]
V  [jvm.dll+0x8569c1]
V  [jvm.dll+0x858d2e]
V  [jvm.dll+0x859413]
V  [jvm.dll+0x280e56]
V  [jvm.dll+0x6c74d5]
V  [jvm.dll+0x6bbeca]
V  [jvm.dll+0x355bca]
V  [jvm.dll+0x35d816]
V  [jvm.dll+0x3ae67e]
V  [jvm.dll+0x3ae928]
V  [jvm.dll+0x3295dc]
V  [jvm.dll+0x32a16b]
V  [jvm.dll+0x81efa9]
V  [jvm.dll+0x3bba01]
V  [jvm.dll+0x807928]
V  [jvm.dll+0x44f50e]
V  [jvm.dll+0x450e11]
C  [jli.dll+0x52a3]
C  [ucrtbase.dll+0x29333]
C  [KERNEL32.DLL+0x1257d]
C  [ntdll.dll+0x5af28]


---------------  P R O C E S S  ---------------

Threads class SMR info:
_java_thread_list=0x00007fff8b67bb88, length=0, elements={
}

Java Threads: ( => current thread )
Total: 0

Other Threads:
  0x0000022b7159c180 WorkerThread "GC Thread#0"                     [id=20160, stack(0x000000f522300000,0x000000f522400000) (1024K)]
  0x0000022b715acf30 ConcurrentGCThread "G1 Main Marker"            [id=19840, stack(0x000000f522400000,0x000000f522500000) (1024K)]
  0x0000022b715adbe0 WorkerThread "G1 Conc#0"                       [id=21720, stack(0x000000f522500000,0x000000f522600000) (1024K)]

[error occurred during error reporting (printing all threads), id 0xc0000005, EXCEPTION_ACCESS_VIOLATION (0xc0000005) at pc=0x00007fff8adec6a7]
VM state: not at safepoint (not fully initialized)

VM Mutex/Monitor currently owned by a thread:  ([mutex/lock_event])
[0x00007fff8b6ece68] Heap_lock - owner thread: 0x0000022b6f39bbf0

Heap address: 0x0000000085200000, size: 1966 MB, Compressed Oops mode: 32-bit

CDS archive(s) mapped at: [0x0000000000000000-0x0000000000000000-0x0000000000000000), size 0, SharedBaseAddress: 0x0000000800000000, ArchiveRelocationMode: 1.
Narrow klass base: 0x0000000000000000, Narrow klass shift: 0, Narrow klass range: 0x0

GC Precious Log:
 CardTable entry size: 512
 Card Set container configuration: InlinePtr #cards 5 size 8 Array Of Cards #cards 12 size 40 Howl #buckets 4 coarsen threshold 1843 Howl Bitmap #cards 512 size 80 coarsen threshold 460 Card regions per heap region 1 cards per card region 2048

Heap:
 garbage-first heap   total 0K, used 0K [0x0000000085200000, 0x0000000100000000)
  region size 1024K, 0 young (0K), 0 survivors (0K)

[error occurred during error reporting (printing heap information), id 0xc0000005, EXCEPTION_ACCESS_VIOLATION (0xc0000005) at pc=0x00007fff8b1d39f9]
GC Heap History (0 events):
No events

Dll operation events (1 events):
Event: 0.006 Loaded shared library C:\Program Files\Java\jdk-21\bin\java.dll

Deoptimization events (0 events):
No events

Classes loaded (0 events):
No events

Classes unloaded (0 events):
No events

Classes redefined (0 events):
No events

Internal exceptions (0 events):
No events

ZGC Phase Switch (0 events):
No events

VM Operations (0 events):
No events

Events (0 events):
No events


Dynamic libraries:
0x00007ff704a00000 - 0x00007ff704a10000 	C:\Program Files\Java\jdk-21\bin\java.exe
0x00007ff856970000 - 0x00007ff856b87000 	C:\WINDOWS\SYSTEM32\ntdll.dll
0x00007ff855dc0000 - 0x00007ff855e84000 	C:\WINDOWS\System32\KERNEL32.DLL
0x00007ff853dc0000 - 0x00007ff85416c000 	C:\WINDOWS\System32\KERNELBASE.dll
0x00007ff8541e0000 - 0x00007ff8542f1000 	C:\WINDOWS\System32\ucrtbase.dll
0x00007ff84f4b0000 - 0x00007ff84f4cb000 	C:\Program Files\Java\jdk-21\bin\VCRUNTIME140.dll
0x00007ff811fc0000 - 0x00007ff811fd9000 	C:\Program Files\Java\jdk-21\bin\jli.dll
0x00007ff856610000 - 0x00007ff8566c2000 	C:\WINDOWS\System32\ADVAPI32.dll
0x00007ff854dc0000 - 0x00007ff854e67000 	C:\WINDOWS\System32\msvcrt.dll
0x00007ff8547f0000 - 0x00007ff85489a000 	C:\WINDOWS\System32\sechost.dll
0x00007ff854650000 - 0x00007ff854678000 	C:\WINDOWS\System32\bcrypt.dll
0x00007ff855fb0000 - 0x00007ff8560c5000 	C:\WINDOWS\System32\RPCRT4.dll
0x00007ff856290000 - 0x00007ff85643e000 	C:\WINDOWS\System32\USER32.dll
0x00007ff854680000 - 0x00007ff8546a6000 	C:\WINDOWS\System32\win32u.dll
0x00007ff8553d0000 - 0x00007ff8553f9000 	C:\WINDOWS\System32\GDI32.dll
0x00007ff853ca0000 - 0x00007ff853db9000 	C:\WINDOWS\System32\gdi32full.dll
0x00007ff854530000 - 0x00007ff8545ca000 	C:\WINDOWS\System32\msvcp_win.dll
0x00007ff833730000 - 0x00007ff8339c3000 	C:\WINDOWS\WinSxS\amd64_microsoft.windows.common-controls_6595b64144ccf1df_6.0.22621.3672_none_2713b9d173822955\COMCTL32.dll
0x00007ff848c10000 - 0x00007ff848c1a000 	C:\WINDOWS\SYSTEM32\VERSION.dll
0x00007ff8547a0000 - 0x00007ff8547d1000 	C:\WINDOWS\System32\IMM32.DLL
0x00007ff84f4a0000 - 0x00007ff84f4ac000 	C:\Program Files\Java\jdk-21\bin\vcruntime140_1.dll
0x00007ff801c80000 - 0x00007ff801d0e000 	C:\Program Files\Java\jdk-21\bin\msvcp140.dll
0x00007fff8aab0000 - 0x00007fff8b7c7000 	C:\Program Files\Java\jdk-21\bin\server\jvm.dll
0x00007ff8546b0000 - 0x00007ff854721000 	C:\WINDOWS\System32\WS2_32.dll
0x00007ff84ab00000 - 0x00007ff84ab34000 	C:\WINDOWS\SYSTEM32\WINMM.dll
0x00007ff853b60000 - 0x00007ff853bad000 	C:\WINDOWS\SYSTEM32\POWRPROF.dll
0x00007ff853a90000 - 0x00007ff853aa3000 	C:\WINDOWS\SYSTEM32\UMPDC.dll
0x00007ff852cd0000 - 0x00007ff852ce8000 	C:\WINDOWS\SYSTEM32\kernel.appcore.dll
0x00007ff84e050000 - 0x00007ff84e05a000 	C:\Program Files\Java\jdk-21\bin\jimage.dll
0x00007ff851500000 - 0x00007ff851732000 	C:\WINDOWS\SYSTEM32\DBGHELP.DLL
0x00007ff8548a0000 - 0x00007ff854c28000 	C:\WINDOWS\System32\combase.dll
0x00007ff8561b0000 - 0x00007ff856287000 	C:\WINDOWS\System32\OLEAUT32.dll
0x00007ff82f520000 - 0x00007ff82f552000 	C:\WINDOWS\SYSTEM32\dbgcore.DLL
0x00007ff8545d0000 - 0x00007ff85464b000 	C:\WINDOWS\System32\bcryptPrimitives.dll
0x00007ff836be0000 - 0x00007ff836bff000 	C:\Program Files\Java\jdk-21\bin\java.dll

dbghelp: loaded successfully - version: 4.0.5 - missing functions: none
symbol engine: initialized successfully - sym options: 0x614 - pdb path: .;C:\Program Files\Java\jdk-21\bin;C:\WINDOWS\SYSTEM32;C:\WINDOWS\WinSxS\amd64_microsoft.windows.common-controls_6595b64144ccf1df_6.0.22621.3672_none_2713b9d173822955;C:\Program Files\Java\jdk-21\bin\server

VM Arguments:
jvm_args: -Dfile.encoding=UTF-8 --module-path=C:\Users\Swast\OneDrive\Documents\NetBeansProjects\University Management System\build\classes 
java_command: university.management.system.AddStudent
java_class_path (initial): C:\Users\Swast\Downloads\Jar-20240706T064406Z-001.zip;C:\Users\Swast\Downloads\mysql-connector-java-8.0.28.jar;C:\Users\Swast\Downloads\jcalendar-tz-1.3.3-4.jar;C:\Users\Swast\OneDrive\Documents\NetBeansProjects\University Management System\build\classes
Launcher Type: SUN_STANDARD

[Global flags]
     intx CICompilerCount                          = 3                                         {product} {ergonomic}
     uint ConcGCThreads                            = 1                                         {product} {ergonomic}
     uint G1ConcRefinementThreads                  = 4                                         {product} {ergonomic}
   size_t G1HeapRegionSize                         = 1048576                                   {product} {ergonomic}
    uintx GCDrainStackTargetSize                   = 64                                        {product} {ergonomic}
   size_t InitialHeapSize                          = 130023424                                 {product} {ergonomic}
   size_t MarkStackSize                            = 4194304                                   {product} {ergonomic}
   size_t MaxHeapSize                              = 2061500416                                {product} {ergonomic}
   size_t MinHeapDeltaBytes                        = 1048576                                   {product} {ergonomic}
   size_t MinHeapSize                              = 8388608                                   {product} {ergonomic}
    uintx NonNMethodCodeHeapSize                   = 5832780                                {pd product} {ergonomic}
    uintx NonProfiledCodeHeapSize                  = 122912730                              {pd product} {ergonomic}
    uintx ProfiledCodeHeapSize                     = 122912730                              {pd product} {ergonomic}
    uintx ReservedCodeCacheSize                    = 251658240                              {pd product} {ergonomic}
     bool SegmentedCodeCache                       = true                                      {product} {ergonomic}
   size_t SoftMaxHeapSize                          = 2061500416                             {manageable} {ergonomic}
     bool UseCompressedOops                        = true                           {product lp64_product} {ergonomic}
     bool UseG1GC                                  = true                                      {product} {ergonomic}
     bool UseLargePagesIndividualAllocation        = false                                  {pd product} {ergonomic}

Logging:
Log output configuration:
 #0: stdout all=warning uptime,level,tags foldmultilines=false
 #1: stderr all=off uptime,level,tags foldmultilines=false

Environment Variables:
JAVA_HOME=C:\Program Files\Java\jdk-21
PATH=C:\Program Files\Common Files\Oracle\Java\javapath;C:\app\Swast\product\21c\dbhomeXE\bin;C:\Program Files (x86)\Common Files\Oracle\Java\javapath;C:\WINDOWS\system32;C:\WINDOWS;C:\WINDOWS\System32\Wbem;C:\WINDOWS\System32\WindowsPowerShell\v1.0\;C:\WINDOWS\System32\OpenSSH\;C:\Program Files\nodejs\;C:\Users\Swast\Downloads\mingw-w64-v10.0.0;C:\Program Files\Git\cmd;C:\Program Files\MATLAB\R2023b\bin;C:\Program Files (x86)\Microsoft SQL Server\160\Tools\Binn\;C:\Program Files\Microsoft SQL Server\160\Tools\Binn\;C:\Program Files\Microsoft SQL Server\Client SDK\ODBC\170\Tools\Binn\;C:\Program Files\Microsoft SQL Server\160\DTS\Binn\;C:\Program Files (x86)\Microsoft SQL Server\160\DTS\Binn\;C:\Program Files\Azure Data Studio\bin;C:\Program Files (x86)\Microsoft SQL Server\150\Tools\Binn\;C:\Program Files\Microsoft SQL Server\150\Tools\Binn\;C:\Program Files\Microsoft SQL Server\150\DTS\Binn\;C:\Program Files\Java\jdk-21\bin;C:\Program Files\Java\jdk-21\bin;C:\Program Files\Java\jdk-21\bin;C:\Users\Swast\Downloads\mysql-connector-j-8.3.0\mysql-connector-j-8.3.0\mysql-connector-j-8.3.0.jar;C:\Program Files\MySQL\MySQL Server 8.0\bin;;C:\Program Files\HP\HP One Agent;C:\Program Files\MySQL\MySQL Shell 8.0\bin\;C:\Users\Swast\AppData\Local\Programs\Python\Python311\Scripts\;C:\Users\Swast\AppData\Local\Programs\Python\Python311\;C:\Users\Swast\AppData\Local\Microsoft\WindowsApps;C:\Users\Swast\AppData\Local\Programs\Microsoft VS Code\bin;C:\Users\Swast\AppData\Roaming\npm;C:\MinGW\bin;C:\Users\Swast\AppData\Local\JetBrains\PyCharm Community Edition 2023.1\bin;;C:\Users\Swast\AppData\Local\Programs\MiKTeX\miktex\bin\x64\;C:\Program Files\MongoDB\Server\6.0\bin;C:\Program Files\MongoDB\mongosh-1.10.1-win32-x64\bin;C:\Users\Swast\AppData\Local\GitHubDesktop\bin;C:\Program Files\Azure Data Studio\bin
USERNAME=Swast
OS=Windows_NT
PROCESSOR_IDENTIFIER=Intel64 Family 6 Model 140 Stepping 1, GenuineIntel
TMP=C:\Users\Swast\AppData\Local\Temp
TEMP=C:\Users\Swast\AppData\Local\Temp




Periodic native trim disabled

---------------  S Y S T E M  ---------------

OS:
 Windows 11 , 64 bit Build 22621 (10.0.22621.3672)
OS uptime: 1 days 5:38 hours

CPU: total 4 (initial active 4) (2 cores per cpu, 2 threads per core) family 6 model 140 stepping 1 microcode 0xb4, cx8, cmov, fxsr, ht, mmx, 3dnowpref, sse, sse2, sse3, ssse3, sse4.1, sse4.2, popcnt, lzcnt, tsc, tscinvbit, avx, avx2, aes, erms, clmul, bmi1, bmi2, adx, avx512f, avx512dq, avx512cd, avx512bw, avx512vl, sha, fma, vzeroupper, avx512_vpopcntdq, avx512_vpclmulqdq, avx512_vaes, avx512_vnni, clflush, clflushopt, clwb, avx512_vbmi2, avx512_vbmi, rdtscp, rdpid, fsrm, gfni, avx512_bitalg, f16c, pku, cet_ibt, cet_ss, avx512_ifma
Processor Information for processor 0
  Max Mhz: 2995, Current Mhz: 1198, Mhz Limit: 2995
Processor Information for processor 1
  Max Mhz: 2995, Current Mhz: 1198, Mhz Limit: 2995
Processor Information for processor 2
  Max Mhz: 2995, Current Mhz: 2995, Mhz Limit: 2995
Processor Information for processor 3
  Max Mhz: 2995, Current Mhz: 1198, Mhz Limit: 2995

Memory: 4k page, system-wide physical 7859M (445M free)
TotalPageFile size 32435M (AvailPageFile size 50M)
current process WorkingSet (physical memory assigned to process): 11M, peak: 11M
current process commit charge ("private bytes"): 52M, peak: 176M

vm_info: Java HotSpot(TM) 64-Bit Server VM (21.0.2+13-LTS-58) for windows-amd64 JRE (21.0.2+13-LTS-58), built on 2024-01-05T18:32:24Z by "mach5one" with MS VC++ 17.1 (VS2022)

END.
